[GIN-debug] GET    /                         --> gostartup/config/routes.PublicRoutes.func1 (4 handlers)
[GIN-debug] POST   /api/users                --> gostartup/cmd/user.(*useController).RegisterUser-fm (4 handlers)
[GIN-debug] POST   /api/email_checkers       --> gostartup/cmd/user.(*useController).CheckEmailAvailability-fm (4 handlers)
[GIN-debug] POST   /api/sessions             --> gostartup/cmd/user.(*useController).Login-fm (4 handlers)
[GIN-debug] POST   /api/refresh-token        --> gostartup/cmd/user.(*useController).RefreshToken-fm (4 handlers)
[GIN-debug] POST   /api/logout               --> gostartup/cmd/user.(*useController).Logout-fm (4 handlers)
[GIN-debug] POST   /api/verify-email/:verification_code --> gostartup/cmd/user.(*useController).VerifyEmail-fm (4 handlers)
[GIN-debug] POST   /api/forgot-password      --> gostartup/cmd/password_reset.(*useController).ForgotPassword-fm (4 handlers)
[GIN-debug] POST   /api/new-password/:reset_code --> gostartup/cmd/password_reset.(*useController).NewPassword-fm (4 handlers)
[GIN-debug] POST   /api/avatars              --> gostartup/cmd/user.(*useController).UploadAvatar-fm (5 handlers)
[GIN-debug] POST   /api/customers            --> gostartup/cmd/customer.(*controller).PostCustomer-fm (5 handlers)
[GIN-debug] GET    /api/customers            --> gostartup/cmd/customer.(*controller).GetCustomer-fm (5 handlers)
[GIN-debug] GET    /api/customers/:id        --> gostartup/cmd/customer.(*controller).GetCustomerID-fm (5 handlers)
[GIN-debug] PATCH  /api/customers/:id        --> gostartup/cmd/customer.(*controller).UpdateCustomer-fm (5 handlers)
[GIN-debug] DELETE /api/customers/:id        --> gostartup/cmd/customer.(*controller).DeleteCustomer-fm (5 handlers)
[GIN-debug] POST   /api/areas                --> gostartup/cmd/area.(*controller).PostArea-fm (5 handlers)
[GIN-debug] GET    /api/areas                --> gostartup/cmd/area.(*controller).GetArea-fm (5 handlers)
[GIN-debug] GET    /api/areas/:id            --> gostartup/cmd/area.(*controller).GetAreaID-fm (5 handlers)
[GIN-debug] PATCH  /api/areas/:id            --> gostartup/cmd/area.(*controller).UpdateArea-fm (5 handlers)
[GIN-debug] DELETE /api/areas/:id            --> gostartup/cmd/area.(*controller).DeleteArea-fm (5 handlers)
[GIN-debug] [WARNING] You trusted all proxies, this is NOT safe. We recommend you to set a value.
Please check https://pkg.go.dev/github.com/gin-gonic/gin#readme-don-t-trust-all-proxies for details.
[GIN-debug] Listening and serving HTTP on :8000
::1 - [Sun, 03 Sep 2023 22:24:37 +07] "POST /api/new-password/rPCZ1HMai2d5G1wau3sI HTTP/1.1 201 10.0023ms "Mozilla/5.0 (Windows NT 10.0; Win64; x64) AppleWebKit/537.36 (KHTML, like Gecko) Chrome/116.0.0.0 Safari/537.36" "
::1 - [Sun, 03 Sep 2023 22:24:43 +07] "POST /api/sessions HTTP/1.1 200 5.9187ms "Mozilla/5.0 (Windows NT 10.0; Win64; x64) AppleWebKit/537.36 (KHTML, like Gecko) Chrome/116.0.0.0 Safari/537.36" "
::1 - [Sun, 03 Sep 2023 22:24:53 +07] "OPTIONS /api/customers HTTP/1.1 200 0s "Mozilla/5.0 (Windows NT 10.0; Win64; x64) AppleWebKit/537.36 (KHTML, like Gecko) Chrome/116.0.0.0 Safari/537.36" "
::1 - [Sun, 03 Sep 2023 22:24:53 +07] "GET /api/customers HTTP/1.1 200 2.849ms "Mozilla/5.0 (Windows NT 10.0; Win64; x64) AppleWebKit/537.36 (KHTML, like Gecko) Chrome/116.0.0.0 Safari/537.36" "
::1 - [Sun, 03 Sep 2023 22:25:13 +07] "GET /api/customers HTTP/1.1 200 3.7228ms "Mozilla/5.0 (Windows NT 10.0; Win64; x64) AppleWebKit/537.36 (KHTML, like Gecko) Chrome/116.0.0.0 Safari/537.36" "
